<?xml version="1.0" encoding="UTF-8"?>
<!-- Generated by org.testng.reporters.JUnitXMLReporter -->
<testsuite hostname="LAPTOP-UFMLBTPI" ignored="0" name="Default test(failed)" tests="4" failures="1" timestamp="2019-11-12T16:28:29 IST" time="17.517" errors="0">
  <testcase name="@AfterTest afterTest" time="0.269" classname="com.AlshayaGroup.TestSetup.TestSetup">
    <failure type="java.lang.NullPointerException">
      <![CDATA[java.lang.NullPointerException
at com.AlshayaGroup.ZipUnzip.ZipDirectory.getAllFiles(ZipDirectory.java:30)
at com.AlshayaGroup.ZipUnzip.ZipDirectory.Zipdirectory(ZipDirectory.java:21)
at com.AlshayaGroup.TestSetup.TestSetup.afterTest(TestSetup.java:170)
... Removed 24 stack frames]]>
    </failure>
  </testcase> <!-- @AfterTest afterTest -->
  <testcase name="HandleThePopUpBox" time="7.586" classname="AlshayaExportFunctionality.Export_Footlocker_AE"/>
  <testcase name="SignInClick" time="0.082" classname="AlshayaExportFunctionality.Export_Footlocker_AE">
    <failure type="org.openqa.selenium.ElementClickInterceptedException" message="element click intercepted: Element &amp;lt;a href=&amp;quot;/en/user/login&amp;quot; class=&amp;quot;signin-link gtm-sign-in&amp;quot; data-drupal-link-system-path=&amp;quot;user/login&amp;quot;&amp;gt;...&amp;lt;/a&amp;gt; is not clickable at point (1373, 12). Other element would receive the click: &amp;lt;div class=&amp;quot;popup-window&amp;quot; id=&amp;quot;popup&amp;quot; style=&amp;quot;display: block;&amp;quot;&amp;gt;...&amp;lt;/div&amp;gt;
  (Session info: chrome=78.0.3904.97)
Build info: version: &amp;apos;3.141.59&amp;apos;, revision: &amp;apos;e82be7d358&amp;apos;, time: &amp;apos;2018-11-14T08:17:03&amp;apos;
System info: host: &amp;apos;LAPTOP-UFMLBTPI&amp;apos;, ip: &amp;apos;192.168.10.116&amp;apos;, os.name: &amp;apos;Windows 10&amp;apos;, os.arch: &amp;apos;amd64&amp;apos;, os.version: &amp;apos;10.0&amp;apos;, java.version: &amp;apos;1.8.0_211&amp;apos;
Driver info: org.openqa.selenium.chrome.ChromeDriver
Capabilities {acceptInsecureCerts: false, browserName: chrome, browserVersion: 78.0.3904.97, chrome: {chromedriverVersion: 78.0.3904.70 (edb9c9f3de024..., userDataDir: C:\Users\91971\AppData\Loca...}, goog:chromeOptions: {debuggerAddress: localhost:60983}, javascriptEnabled: true, networkConnectionEnabled: false, pageLoadStrategy: normal, platform: XP, platformName: XP, proxy: Proxy(), setWindowRect: true, strictFileInteractability: false, timeouts: {implicit: 0, pageLoad: 300000, script: 30000}, unhandledPromptBehavior: dismiss and notify}
Session ID: 35c7ac222673415bf500f97f619c1b38">
      <![CDATA[org.openqa.selenium.ElementClickInterceptedException: element click intercepted: Element <a href="/en/user/login" class="signin-link gtm-sign-in" data-drupal-link-system-path="user/login">...</a> is not clickable at point (1373, 12). Other element would receive the click: <div class="popup-window" id="popup" style="display: block;">...</div>
  (Session info: chrome=78.0.3904.97)
Build info: version: '3.141.59', revision: 'e82be7d358', time: '2018-11-14T08:17:03'
System info: host: 'LAPTOP-UFMLBTPI', ip: '192.168.10.116', os.name: 'Windows 10', os.arch: 'amd64', os.version: '10.0', java.version: '1.8.0_211'
Driver info: org.openqa.selenium.chrome.ChromeDriver
Capabilities {acceptInsecureCerts: false, browserName: chrome, browserVersion: 78.0.3904.97, chrome: {chromedriverVersion: 78.0.3904.70 (edb9c9f3de024..., userDataDir: C:\Users\91971\AppData\Loca...}, goog:chromeOptions: {debuggerAddress: localhost:60983}, javascriptEnabled: true, networkConnectionEnabled: false, pageLoadStrategy: normal, platform: XP, platformName: XP, proxy: Proxy(), setWindowRect: true, strictFileInteractability: false, timeouts: {implicit: 0, pageLoad: 300000, script: 30000}, unhandledPromptBehavior: dismiss and notify}
Session ID: 35c7ac222673415bf500f97f619c1b38
at org.openqa.selenium.remote.http.W3CHttpResponseCodec.createException(W3CHttpResponseCodec.java:187)
at org.openqa.selenium.remote.http.W3CHttpResponseCodec.decode(W3CHttpResponseCodec.java:122)
at org.openqa.selenium.remote.http.W3CHttpResponseCodec.decode(W3CHttpResponseCodec.java:49)
at org.openqa.selenium.remote.HttpCommandExecutor.execute(HttpCommandExecutor.java:158)
at org.openqa.selenium.remote.service.DriverCommandExecutor.execute(DriverCommandExecutor.java:83)
at org.openqa.selenium.remote.RemoteWebDriver.execute(RemoteWebDriver.java:552)
at org.openqa.selenium.remote.RemoteWebElement.execute(RemoteWebElement.java:285)
at org.openqa.selenium.remote.RemoteWebElement.click(RemoteWebElement.java:84)
at com.AlshayaGroup.TestSetup.TestSetup.click(TestSetup.java:209)
at AlshayaExportFunctionality.Export_Footlocker_AE.SignInClick(Export_Footlocker_AE.java:57)
at java.util.ArrayList.forEach(ArrayList.java:1257)
... Removed 31 stack frames]]>
    </failure>
  </testcase> <!-- SignInClick -->
  <testcase name="LoginPage" time="0.0" classname="AlshayaExportFunctionality.Export_Footlocker_AE">
    <skipped/>
  </testcase> <!-- LoginPage -->
  <testcase name="HomePage" time="0.0" classname="AlshayaExportFunctionality.Export_Footlocker_AE">
    <skipped/>
  </testcase> <!-- HomePage -->
</testsuite> <!-- Default test(failed) -->
