<?xml version="1.0" encoding="UTF-8"?>
<!-- Generated by org.testng.reporters.JUnitXMLReporter -->
<testsuite hostname="LAPTOP-UFMLBTPI" ignored="0" name="Default test(failed)(failed)(failed)(failed)" tests="4" failures="1" timestamp="2019-11-12T18:37:12 IST" time="110.194" errors="0">
  <testcase name="@AfterTest afterTest" time="0.005" classname="com.AlshayaGroup.TestSetup.TestSetup">
    <failure type="java.lang.NullPointerException">
      <![CDATA[java.lang.NullPointerException
at com.AlshayaGroup.ZipUnzip.ZipDirectory.getAllFiles(ZipDirectory.java:30)
at com.AlshayaGroup.ZipUnzip.ZipDirectory.Zipdirectory(ZipDirectory.java:21)
at com.AlshayaGroup.TestSetup.TestSetup.afterTest(TestSetup.java:173)
... Removed 24 stack frames]]>
    </failure>
  </testcase> <!-- @AfterTest afterTest -->
  <testcase name="HandleThePopUpBox" time="67.045" classname="AlshayaExportFunctionality.Export_Victoriassecret_AE"/>
  <testcase name="SignInClick" time="1.036" classname="AlshayaExportFunctionality.Export_Victoriassecret_AE"/>
  <testcase name="LoginPage" time="5.036" classname="AlshayaExportFunctionality.Export_Victoriassecret_AE"/>
  <testcase name="HomePage" time="11.949" classname="AlshayaExportFunctionality.Export_Victoriassecret_AE">
    <failure type="org.openqa.selenium.WebDriverException" message="chrome not reachable
  (Session info: chrome=78.0.3904.97)
Build info: version: &amp;apos;3.141.59&amp;apos;, revision: &amp;apos;e82be7d358&amp;apos;, time: &amp;apos;2018-11-14T08:17:03&amp;apos;
System info: host: &amp;apos;LAPTOP-UFMLBTPI&amp;apos;, ip: &amp;apos;192.168.10.116&amp;apos;, os.name: &amp;apos;Windows 10&amp;apos;, os.arch: &amp;apos;amd64&amp;apos;, os.version: &amp;apos;10.0&amp;apos;, java.version: &amp;apos;1.8.0_211&amp;apos;
Driver info: org.openqa.selenium.chrome.ChromeDriver
Capabilities {acceptInsecureCerts: false, browserName: chrome, browserVersion: 78.0.3904.97, chrome: {chromedriverVersion: 78.0.3904.70 (edb9c9f3de024..., userDataDir: C:\Users\91971\AppData\Loca...}, goog:chromeOptions: {debuggerAddress: localhost:54347}, javascriptEnabled: true, networkConnectionEnabled: false, pageLoadStrategy: normal, platform: XP, platformName: XP, proxy: Proxy(), setWindowRect: true, strictFileInteractability: false, timeouts: {implicit: 0, pageLoad: 300000, script: 30000}, unhandledPromptBehavior: dismiss and notify}
Session ID: 96c63b37e294a6cc3e2b8d7002364a88
*** Element info: {Using=xpath, value=//*[@id=&amp;apos;block-adminimal-theme-content&amp;apos;]/ul/li[5]}">
      <![CDATA[org.openqa.selenium.WebDriverException: chrome not reachable
  (Session info: chrome=78.0.3904.97)
Build info: version: '3.141.59', revision: 'e82be7d358', time: '2018-11-14T08:17:03'
System info: host: 'LAPTOP-UFMLBTPI', ip: '192.168.10.116', os.name: 'Windows 10', os.arch: 'amd64', os.version: '10.0', java.version: '1.8.0_211'
Driver info: org.openqa.selenium.chrome.ChromeDriver
Capabilities {acceptInsecureCerts: false, browserName: chrome, browserVersion: 78.0.3904.97, chrome: {chromedriverVersion: 78.0.3904.70 (edb9c9f3de024..., userDataDir: C:\Users\91971\AppData\Loca...}, goog:chromeOptions: {debuggerAddress: localhost:54347}, javascriptEnabled: true, networkConnectionEnabled: false, pageLoadStrategy: normal, platform: XP, platformName: XP, proxy: Proxy(), setWindowRect: true, strictFileInteractability: false, timeouts: {implicit: 0, pageLoad: 300000, script: 30000}, unhandledPromptBehavior: dismiss and notify}
Session ID: 96c63b37e294a6cc3e2b8d7002364a88
*** Element info: {Using=xpath, value=//*[@id='block-adminimal-theme-content']/ul/li[5]}
at org.openqa.selenium.remote.http.W3CHttpResponseCodec.createException(W3CHttpResponseCodec.java:187)
at org.openqa.selenium.remote.http.W3CHttpResponseCodec.decode(W3CHttpResponseCodec.java:122)
at org.openqa.selenium.remote.http.W3CHttpResponseCodec.decode(W3CHttpResponseCodec.java:49)
at org.openqa.selenium.remote.HttpCommandExecutor.execute(HttpCommandExecutor.java:158)
at org.openqa.selenium.remote.service.DriverCommandExecutor.execute(DriverCommandExecutor.java:83)
at org.openqa.selenium.remote.RemoteWebDriver.execute(RemoteWebDriver.java:552)
at org.openqa.selenium.remote.RemoteWebDriver.findElement(RemoteWebDriver.java:323)
at org.openqa.selenium.remote.RemoteWebDriver.findElementByXPath(RemoteWebDriver.java:428)
at org.openqa.selenium.By$ByXPath.findElement(By.java:353)
at org.openqa.selenium.remote.RemoteWebDriver.findElement(RemoteWebDriver.java:315)
at com.AlshayaGroup.TestSetup.TestSetup.click(TestSetup.java:234)
at AlshayaExportFunctionality.Export_Victoriassecret_AE.HomePage(Export_Victoriassecret_AE.java:63)
at java.util.ArrayList.forEach(ArrayList.java:1257)
... Removed 31 stack frames]]>
    </failure>
  </testcase> <!-- HomePage -->
</testsuite> <!-- Default test(failed)(failed)(failed)(failed) -->
