<?xml version="1.0" encoding="UTF-8"?>
<!-- Generated by org.testng.reporters.JUnitXMLReporter -->
<testsuite hostname="LAPTOP-UFMLBTPI" ignored="63" name="Alshaya_Export_Xlsx_Report" tests="61" failures="3" timestamp="2019-11-12T12:08:47 IST" time="778.117" errors="0">
  <testcase name="HandleThePopUpBox" time="10.699" classname="AlshayaExportFunctionality.Export_bathandbodyworks_AE"/>
  <testcase name="SignInClick" time="1.625" classname="AlshayaExportFunctionality.Export_bathandbodyworks_AE"/>
  <testcase name="LoginPage" time="7.938" classname="AlshayaExportFunctionality.Export_bathandbodyworks_AE"/>
  <testcase name="HomePage" time="7.077" classname="AlshayaExportFunctionality.Export_bathandbodyworks_AE"/>
  <testcase name="HandleThePopUpBox" time="6.146" classname="AlshayaExportFunctionality.Export_Potterybarn_KW"/>
  <testcase name="SignInClick" time="1.744" classname="AlshayaExportFunctionality.Export_Potterybarn_KW"/>
  <testcase name="LoginPage" time="7.839" classname="AlshayaExportFunctionality.Export_Potterybarn_KW"/>
  <testcase name="HomePage" time="4.355" classname="AlshayaExportFunctionality.Export_Potterybarn_KW"/>
  <testcase name="SignInClick" time="1.774" classname="AlshayaExportFunctionality.Export_Potterybarn_SA"/>
  <testcase name="LoginPage" time="5.566" classname="AlshayaExportFunctionality.Export_Potterybarn_SA"/>
  <testcase name="HomePage" time="5.478" classname="AlshayaExportFunctionality.Export_Potterybarn_SA"/>
  <testcase name="HandleThePopUpBox" time="6.749" classname="AlshayaExportFunctionality.Export_HNM_AE"/>
  <testcase name="SignInClick" time="1.853" classname="AlshayaExportFunctionality.Export_HNM_AE"/>
  <testcase name="LoginPage" time="8.392" classname="AlshayaExportFunctionality.Export_HNM_AE"/>
  <testcase name="HomePage" time="8.972" classname="AlshayaExportFunctionality.Export_HNM_AE"/>
  <testcase name="HandleThePopUpBox" time="6.335" classname="AlshayaExportFunctionality.Export_Victoriassecret_AE"/>
  <testcase name="SignInClick" time="4.422" classname="AlshayaExportFunctionality.Export_Victoriassecret_AE"/>
  <testcase name="LoginPage" time="7.401" classname="AlshayaExportFunctionality.Export_Victoriassecret_AE"/>
  <testcase name="HomePage" time="5.114" classname="AlshayaExportFunctionality.Export_Victoriassecret_AE"/>
  <testcase name="HandleThePopUpBox" time="6.255" classname="AlshayaExportFunctionality.Export_MotherCare_SA"/>
  <testcase name="SignInClick" time="2.098" classname="AlshayaExportFunctionality.Export_MotherCare_SA"/>
  <testcase name="LoginPage" time="10.366" classname="AlshayaExportFunctionality.Export_MotherCare_SA"/>
  <testcase name="HomePage" time="9.255" classname="AlshayaExportFunctionality.Export_MotherCare_SA"/>
  <testcase name="HandleThePopUpBox" time="6.211" classname="AlshayaExportFunctionality.Export_bathandbodyworks_SA"/>
  <testcase name="SignInClick" time="1.874" classname="AlshayaExportFunctionality.Export_bathandbodyworks_SA"/>
  <testcase name="LoginPage" time="6.802" classname="AlshayaExportFunctionality.Export_bathandbodyworks_SA"/>
  <testcase name="HomePage" time="13.21" classname="AlshayaExportFunctionality.Export_bathandbodyworks_SA"/>
  <testcase name="HandleThePopUpBox" time="16.455" classname="AlshayaExportFunctionality.Export_HNM_KW"/>
  <testcase name="SignInClick" time="1.864" classname="AlshayaExportFunctionality.Export_HNM_KW"/>
  <testcase name="LoginPage" time="7.361" classname="AlshayaExportFunctionality.Export_HNM_KW"/>
  <testcase name="HomePage" time="7.187" classname="AlshayaExportFunctionality.Export_HNM_KW"/>
  <testcase name="HandleThePopUpBox" time="6.289" classname="AlshayaExportFunctionality.Export_MotherCare_KW"/>
  <testcase name="SignInClick" time="2.261" classname="AlshayaExportFunctionality.Export_MotherCare_KW"/>
  <testcase name="LoginPage" time="7.573" classname="AlshayaExportFunctionality.Export_MotherCare_KW"/>
  <testcase name="HomePage" time="6.302" classname="AlshayaExportFunctionality.Export_MotherCare_KW"/>
  <testcase name="HandleThePopUpBox" time="7.835" classname="AlshayaExportFunctionality.Export_HNM_SA"/>
  <testcase name="SignInClick" time="1.985" classname="AlshayaExportFunctionality.Export_HNM_SA"/>
  <testcase name="LoginPage" time="10.088" classname="AlshayaExportFunctionality.Export_HNM_SA"/>
  <testcase name="HomePage" time="60.131" classname="AlshayaExportFunctionality.Export_HNM_SA">
    <failure type="org.openqa.selenium.NoSuchElementException" message="no such element: Unable to locate element: {&amp;quot;method&amp;quot;:&amp;quot;xpath&amp;quot;,&amp;quot;selector&amp;quot;:&amp;quot;//*[(text()=&amp;apos;Commerce&amp;apos;)]&amp;quot;}
  (Session info: chrome=78.0.3904.97)
For documentation on this error, please visit: https://www.seleniumhq.org/exceptions/no_such_element.html
Build info: version: &amp;apos;3.141.59&amp;apos;, revision: &amp;apos;e82be7d358&amp;apos;, time: &amp;apos;2018-11-14T08:17:03&amp;apos;
System info: host: &amp;apos;LAPTOP-UFMLBTPI&amp;apos;, ip: &amp;apos;192.168.10.116&amp;apos;, os.name: &amp;apos;Windows 10&amp;apos;, os.arch: &amp;apos;amd64&amp;apos;, os.version: &amp;apos;10.0&amp;apos;, java.version: &amp;apos;1.8.0_211&amp;apos;
Driver info: org.openqa.selenium.chrome.ChromeDriver
Capabilities {acceptInsecureCerts: false, browserName: chrome, browserVersion: 78.0.3904.97, chrome: {chromedriverVersion: 78.0.3904.70 (edb9c9f3de024..., userDataDir: C:\Users\91971\AppData\Loca...}, goog:chromeOptions: {debuggerAddress: localhost:57447}, javascriptEnabled: true, networkConnectionEnabled: false, pageLoadStrategy: normal, platform: XP, platformName: XP, proxy: Proxy(), setWindowRect: true, strictFileInteractability: false, timeouts: {implicit: 0, pageLoad: 300000, script: 30000}, unhandledPromptBehavior: dismiss and notify}
Session ID: 477c9ed355732d7bf2de4b54c2226805
*** Element info: {Using=xpath, value=//*[(text()=&amp;apos;Commerce&amp;apos;)]}">
      <![CDATA[org.openqa.selenium.NoSuchElementException: no such element: Unable to locate element: {"method":"xpath","selector":"//*[(text()='Commerce')]"}
  (Session info: chrome=78.0.3904.97)
For documentation on this error, please visit: https://www.seleniumhq.org/exceptions/no_such_element.html
Build info: version: '3.141.59', revision: 'e82be7d358', time: '2018-11-14T08:17:03'
System info: host: 'LAPTOP-UFMLBTPI', ip: '192.168.10.116', os.name: 'Windows 10', os.arch: 'amd64', os.version: '10.0', java.version: '1.8.0_211'
Driver info: org.openqa.selenium.chrome.ChromeDriver
Capabilities {acceptInsecureCerts: false, browserName: chrome, browserVersion: 78.0.3904.97, chrome: {chromedriverVersion: 78.0.3904.70 (edb9c9f3de024..., userDataDir: C:\Users\91971\AppData\Loca...}, goog:chromeOptions: {debuggerAddress: localhost:57447}, javascriptEnabled: true, networkConnectionEnabled: false, pageLoadStrategy: normal, platform: XP, platformName: XP, proxy: Proxy(), setWindowRect: true, strictFileInteractability: false, timeouts: {implicit: 0, pageLoad: 300000, script: 30000}, unhandledPromptBehavior: dismiss and notify}
Session ID: 477c9ed355732d7bf2de4b54c2226805
*** Element info: {Using=xpath, value=//*[(text()='Commerce')]}
at org.openqa.selenium.remote.http.W3CHttpResponseCodec.createException(W3CHttpResponseCodec.java:187)
at org.openqa.selenium.remote.http.W3CHttpResponseCodec.decode(W3CHttpResponseCodec.java:122)
at org.openqa.selenium.remote.http.W3CHttpResponseCodec.decode(W3CHttpResponseCodec.java:49)
at org.openqa.selenium.remote.HttpCommandExecutor.execute(HttpCommandExecutor.java:158)
at org.openqa.selenium.remote.service.DriverCommandExecutor.execute(DriverCommandExecutor.java:83)
at org.openqa.selenium.remote.RemoteWebDriver.execute(RemoteWebDriver.java:552)
at org.openqa.selenium.remote.RemoteWebDriver.findElement(RemoteWebDriver.java:323)
at org.openqa.selenium.remote.RemoteWebDriver.findElementByXPath(RemoteWebDriver.java:428)
at org.openqa.selenium.By$ByXPath.findElement(By.java:353)
at org.openqa.selenium.remote.RemoteWebDriver.findElement(RemoteWebDriver.java:315)
at com.AlshayaGroup.TestSetup.TestSetup.click(TestSetup.java:209)
at AlshayaExportFunctionality.Export_HNM_SA.HomePage(Export_HNM_SA.java:58)
at java.util.ArrayList.forEach(ArrayList.java:1257)
... Removed 31 stack frames]]>
    </failure>
  </testcase> <!-- HomePage -->
  <testcase name="HandleThePopUpBox" time="9.554" classname="AlshayaExportFunctionality.Export_Footlocker_AE"/>
  <testcase name="SignInClick" time="0.116" classname="AlshayaExportFunctionality.Export_Footlocker_AE">
    <failure type="org.openqa.selenium.ElementClickInterceptedException" message="element click intercepted: Element &amp;lt;a href=&amp;quot;/en/user/login&amp;quot; class=&amp;quot;signin-link gtm-sign-in&amp;quot; data-drupal-link-system-path=&amp;quot;user/login&amp;quot;&amp;gt;...&amp;lt;/a&amp;gt; is not clickable at point (1373, 41). Other element would receive the click: &amp;lt;div class=&amp;quot;popup-window&amp;quot; id=&amp;quot;popup&amp;quot; style=&amp;quot;display: block;&amp;quot;&amp;gt;...&amp;lt;/div&amp;gt;
  (Session info: chrome=78.0.3904.97)
Build info: version: &amp;apos;3.141.59&amp;apos;, revision: &amp;apos;e82be7d358&amp;apos;, time: &amp;apos;2018-11-14T08:17:03&amp;apos;
System info: host: &amp;apos;LAPTOP-UFMLBTPI&amp;apos;, ip: &amp;apos;192.168.10.116&amp;apos;, os.name: &amp;apos;Windows 10&amp;apos;, os.arch: &amp;apos;amd64&amp;apos;, os.version: &amp;apos;10.0&amp;apos;, java.version: &amp;apos;1.8.0_211&amp;apos;
Driver info: org.openqa.selenium.chrome.ChromeDriver
Capabilities {acceptInsecureCerts: false, browserName: chrome, browserVersion: 78.0.3904.97, chrome: {chromedriverVersion: 78.0.3904.70 (edb9c9f3de024..., userDataDir: C:\Users\91971\AppData\Loca...}, goog:chromeOptions: {debuggerAddress: localhost:57447}, javascriptEnabled: true, networkConnectionEnabled: false, pageLoadStrategy: normal, platform: XP, platformName: XP, proxy: Proxy(), setWindowRect: true, strictFileInteractability: false, timeouts: {implicit: 0, pageLoad: 300000, script: 30000}, unhandledPromptBehavior: dismiss and notify}
Session ID: 477c9ed355732d7bf2de4b54c2226805">
      <![CDATA[org.openqa.selenium.ElementClickInterceptedException: element click intercepted: Element <a href="/en/user/login" class="signin-link gtm-sign-in" data-drupal-link-system-path="user/login">...</a> is not clickable at point (1373, 41). Other element would receive the click: <div class="popup-window" id="popup" style="display: block;">...</div>
  (Session info: chrome=78.0.3904.97)
Build info: version: '3.141.59', revision: 'e82be7d358', time: '2018-11-14T08:17:03'
System info: host: 'LAPTOP-UFMLBTPI', ip: '192.168.10.116', os.name: 'Windows 10', os.arch: 'amd64', os.version: '10.0', java.version: '1.8.0_211'
Driver info: org.openqa.selenium.chrome.ChromeDriver
Capabilities {acceptInsecureCerts: false, browserName: chrome, browserVersion: 78.0.3904.97, chrome: {chromedriverVersion: 78.0.3904.70 (edb9c9f3de024..., userDataDir: C:\Users\91971\AppData\Loca...}, goog:chromeOptions: {debuggerAddress: localhost:57447}, javascriptEnabled: true, networkConnectionEnabled: false, pageLoadStrategy: normal, platform: XP, platformName: XP, proxy: Proxy(), setWindowRect: true, strictFileInteractability: false, timeouts: {implicit: 0, pageLoad: 300000, script: 30000}, unhandledPromptBehavior: dismiss and notify}
Session ID: 477c9ed355732d7bf2de4b54c2226805
at org.openqa.selenium.remote.http.W3CHttpResponseCodec.createException(W3CHttpResponseCodec.java:187)
at org.openqa.selenium.remote.http.W3CHttpResponseCodec.decode(W3CHttpResponseCodec.java:122)
at org.openqa.selenium.remote.http.W3CHttpResponseCodec.decode(W3CHttpResponseCodec.java:49)
at org.openqa.selenium.remote.HttpCommandExecutor.execute(HttpCommandExecutor.java:158)
at org.openqa.selenium.remote.service.DriverCommandExecutor.execute(DriverCommandExecutor.java:83)
at org.openqa.selenium.remote.RemoteWebDriver.execute(RemoteWebDriver.java:552)
at org.openqa.selenium.remote.RemoteWebElement.execute(RemoteWebElement.java:285)
at org.openqa.selenium.remote.RemoteWebElement.click(RemoteWebElement.java:84)
at com.AlshayaGroup.TestSetup.TestSetup.click(TestSetup.java:209)
at AlshayaExportFunctionality.Export_Footlocker_AE.SignInClick(Export_Footlocker_AE.java:43)
at java.util.ArrayList.forEach(ArrayList.java:1257)
... Removed 31 stack frames]]>
    </failure>
  </testcase> <!-- SignInClick -->
  <testcase name="LoginPage" time="0.0" classname="AlshayaExportFunctionality.Export_Footlocker_AE">
    <skipped/>
  </testcase> <!-- LoginPage -->
  <testcase name="HomePage" time="0.0" classname="AlshayaExportFunctionality.Export_Footlocker_AE">
    <skipped/>
  </testcase> <!-- HomePage -->
  <testcase name="HandleThePopUpBox" time="6.212" classname="AlshayaExportFunctionality.Export_MotherCare_AE"/>
  <testcase name="SignInClick" time="5.432" classname="AlshayaExportFunctionality.Export_MotherCare_AE"/>
  <testcase name="LoginPage" time="8.098" classname="AlshayaExportFunctionality.Export_MotherCare_AE"/>
  <testcase name="HomePage" time="5.876" classname="AlshayaExportFunctionality.Export_MotherCare_AE"/>
  <testcase name="HandleThePopUpBox" time="7.23" classname="AlshayaExportFunctionality.Export_bathandbodyworks_KW">
    <failure type="org.openqa.selenium.ElementClickInterceptedException" message="element click intercepted: Element &amp;lt;div class=&amp;quot;close-popup&amp;quot; id=&amp;quot;close-popup&amp;quot;&amp;gt;...&amp;lt;/div&amp;gt; is not clickable at point (1279, 13). Other element would receive the click: &amp;lt;iframe name=&amp;quot;notification-frame-~197158202&amp;quot; id=&amp;quot;webklipper-publisher-widget-container-notification-frame&amp;quot; frameborder=&amp;quot;0&amp;quot; marginheight=&amp;quot;0&amp;quot; marginwidth=&amp;quot;0&amp;quot; style=&amp;quot;display: block; z-index: 16776272; width: 100%; visibility: visible; overflow: visible; position: absolute; height: 47px; top: 0px; bottom: auto; left: 0px;&amp;quot; data-notification-layout-id=&amp;quot;~fg00aad&amp;quot; data-notification-layout-name=&amp;quot;undefined&amp;quot;&amp;gt;&amp;lt;/iframe&amp;gt;
  (Session info: chrome=78.0.3904.97)
Build info: version: &amp;apos;3.141.59&amp;apos;, revision: &amp;apos;e82be7d358&amp;apos;, time: &amp;apos;2018-11-14T08:17:03&amp;apos;
System info: host: &amp;apos;LAPTOP-UFMLBTPI&amp;apos;, ip: &amp;apos;192.168.10.116&amp;apos;, os.name: &amp;apos;Windows 10&amp;apos;, os.arch: &amp;apos;amd64&amp;apos;, os.version: &amp;apos;10.0&amp;apos;, java.version: &amp;apos;1.8.0_211&amp;apos;
Driver info: org.openqa.selenium.chrome.ChromeDriver
Capabilities {acceptInsecureCerts: false, browserName: chrome, browserVersion: 78.0.3904.97, chrome: {chromedriverVersion: 78.0.3904.70 (edb9c9f3de024..., userDataDir: C:\Users\91971\AppData\Loca...}, goog:chromeOptions: {debuggerAddress: localhost:57447}, javascriptEnabled: true, networkConnectionEnabled: false, pageLoadStrategy: normal, platform: XP, platformName: XP, proxy: Proxy(), setWindowRect: true, strictFileInteractability: false, timeouts: {implicit: 0, pageLoad: 300000, script: 30000}, unhandledPromptBehavior: dismiss and notify}
Session ID: 477c9ed355732d7bf2de4b54c2226805">
      <![CDATA[org.openqa.selenium.ElementClickInterceptedException: element click intercepted: Element <div class="close-popup" id="close-popup">...</div> is not clickable at point (1279, 13). Other element would receive the click: <iframe name="notification-frame-~197158202" id="webklipper-publisher-widget-container-notification-frame" frameborder="0" marginheight="0" marginwidth="0" style="display: block; z-index: 16776272; width: 100%; visibility: visible; overflow: visible; position: absolute; height: 47px; top: 0px; bottom: auto; left: 0px;" data-notification-layout-id="~fg00aad" data-notification-layout-name="undefined"></iframe>
  (Session info: chrome=78.0.3904.97)
Build info: version: '3.141.59', revision: 'e82be7d358', time: '2018-11-14T08:17:03'
System info: host: 'LAPTOP-UFMLBTPI', ip: '192.168.10.116', os.name: 'Windows 10', os.arch: 'amd64', os.version: '10.0', java.version: '1.8.0_211'
Driver info: org.openqa.selenium.chrome.ChromeDriver
Capabilities {acceptInsecureCerts: false, browserName: chrome, browserVersion: 78.0.3904.97, chrome: {chromedriverVersion: 78.0.3904.70 (edb9c9f3de024..., userDataDir: C:\Users\91971\AppData\Loca...}, goog:chromeOptions: {debuggerAddress: localhost:57447}, javascriptEnabled: true, networkConnectionEnabled: false, pageLoadStrategy: normal, platform: XP, platformName: XP, proxy: Proxy(), setWindowRect: true, strictFileInteractability: false, timeouts: {implicit: 0, pageLoad: 300000, script: 30000}, unhandledPromptBehavior: dismiss and notify}
Session ID: 477c9ed355732d7bf2de4b54c2226805
at org.openqa.selenium.remote.http.W3CHttpResponseCodec.createException(W3CHttpResponseCodec.java:187)
at org.openqa.selenium.remote.http.W3CHttpResponseCodec.decode(W3CHttpResponseCodec.java:122)
at org.openqa.selenium.remote.http.W3CHttpResponseCodec.decode(W3CHttpResponseCodec.java:49)
at org.openqa.selenium.remote.HttpCommandExecutor.execute(HttpCommandExecutor.java:158)
at org.openqa.selenium.remote.service.DriverCommandExecutor.execute(DriverCommandExecutor.java:83)
at org.openqa.selenium.remote.RemoteWebDriver.execute(RemoteWebDriver.java:552)
at org.openqa.selenium.remote.RemoteWebElement.execute(RemoteWebElement.java:285)
at org.openqa.selenium.remote.RemoteWebElement.click(RemoteWebElement.java:84)
at com.AlshayaGroup.TestSetup.TestSetup.waitClick(TestSetup.java:196)
at AlshayaExportFunctionality.Export_bathandbodyworks_KW.HandleThePopUpBox(Export_bathandbodyworks_KW.java:36)
at java.util.ArrayList.forEach(ArrayList.java:1257)
... Removed 31 stack frames]]>
    </failure>
  </testcase> <!-- HandleThePopUpBox -->
  <testcase name="SignInClick" time="0.0" classname="AlshayaExportFunctionality.Export_bathandbodyworks_KW">
    <skipped/>
  </testcase> <!-- SignInClick -->
  <testcase name="LoginPage" time="0.0" classname="AlshayaExportFunctionality.Export_bathandbodyworks_KW">
    <skipped/>
  </testcase> <!-- LoginPage -->
  <testcase name="HomePage" time="0.0" classname="AlshayaExportFunctionality.Export_bathandbodyworks_KW">
    <skipped/>
  </testcase> <!-- HomePage -->
  <testcase name="HandleThePopUpBox" time="6.369" classname="AlshayaExportFunctionality.Export_Footlocker_SA"/>
  <testcase name="SignInClick" time="1.577" classname="AlshayaExportFunctionality.Export_Footlocker_SA"/>
  <testcase name="LoginPage" time="5.347" classname="AlshayaExportFunctionality.Export_Footlocker_SA"/>
  <testcase name="HomePage" time="6.058" classname="AlshayaExportFunctionality.Export_Footlocker_SA"/>
  <testcase name="SignInClick" time="1.841" classname="AlshayaExportFunctionality.Export_Potterybarn_AE"/>
  <testcase name="LoginPage" time="6.122" classname="AlshayaExportFunctionality.Export_Potterybarn_AE"/>
  <testcase name="HomePage" time="5.18" classname="AlshayaExportFunctionality.Export_Potterybarn_AE"/>
  <testcase name="SignInClick" time="6.139" classname="AlshayaExportFunctionality.Export_Footlocker_KW"/>
  <testcase name="LoginPage" time="6.054" classname="AlshayaExportFunctionality.Export_Footlocker_KW"/>
  <testcase name="HomePage" time="5.52" classname="AlshayaExportFunctionality.Export_Footlocker_KW"/>
  <testcase name="@BeforeTest beforeTest" time="0.0" classname="com.AlshayaGroup.TestSetup.TestSetup">
    <ignored/>
  </testcase> <!-- @BeforeTest beforeTest -->
  <testcase name="@BeforeTest beforeTest" time="0.0" classname="com.AlshayaGroup.TestSetup.TestSetup">
    <ignored/>
  </testcase> <!-- @BeforeTest beforeTest -->
  <testcase name="@BeforeTest beforeTest" time="0.0" classname="com.AlshayaGroup.TestSetup.TestSetup">
    <ignored/>
  </testcase> <!-- @BeforeTest beforeTest -->
  <testcase name="@BeforeTest beforeTest" time="0.0" classname="com.AlshayaGroup.TestSetup.TestSetup">
    <ignored/>
  </testcase> <!-- @BeforeTest beforeTest -->
  <testcase name="@BeforeTest beforeTest" time="0.0" classname="com.AlshayaGroup.TestSetup.TestSetup">
    <ignored/>
  </testcase> <!-- @BeforeTest beforeTest -->
  <testcase name="@BeforeTest beforeTest" time="0.0" classname="com.AlshayaGroup.TestSetup.TestSetup">
    <ignored/>
  </testcase> <!-- @BeforeTest beforeTest -->
  <testcase name="@BeforeTest beforeTest" time="0.0" classname="com.AlshayaGroup.TestSetup.TestSetup">
    <ignored/>
  </testcase> <!-- @BeforeTest beforeTest -->
  <testcase name="@BeforeTest beforeTest" time="0.0" classname="com.AlshayaGroup.TestSetup.TestSetup">
    <ignored/>
  </testcase> <!-- @BeforeTest beforeTest -->
  <testcase name="@BeforeTest beforeTest" time="0.0" classname="com.AlshayaGroup.TestSetup.TestSetup">
    <ignored/>
  </testcase> <!-- @BeforeTest beforeTest -->
  <testcase name="@BeforeTest beforeTest" time="0.0" classname="com.AlshayaGroup.TestSetup.TestSetup">
    <ignored/>
  </testcase> <!-- @BeforeTest beforeTest -->
  <testcase name="@BeforeTest beforeTest" time="0.0" classname="com.AlshayaGroup.TestSetup.TestSetup">
    <ignored/>
  </testcase> <!-- @BeforeTest beforeTest -->
  <testcase name="@BeforeTest beforeTest" time="0.0" classname="com.AlshayaGroup.TestSetup.TestSetup">
    <ignored/>
  </testcase> <!-- @BeforeTest beforeTest -->
  <testcase name="@BeforeTest beforeTest" time="0.0" classname="com.AlshayaGroup.TestSetup.TestSetup">
    <ignored/>
  </testcase> <!-- @BeforeTest beforeTest -->
  <testcase name="@BeforeTest beforeTest" time="0.0" classname="com.AlshayaGroup.TestSetup.TestSetup">
    <ignored/>
  </testcase> <!-- @BeforeTest beforeTest -->
  <testcase name="@BeforeTest beforeTest" time="0.0" classname="com.AlshayaGroup.TestSetup.TestSetup">
    <ignored/>
  </testcase> <!-- @BeforeTest beforeTest -->
  <testcase name="@AfterTest afterTest" time="0.0" classname="com.AlshayaGroup.TestSetup.TestSetup">
    <ignored/>
  </testcase> <!-- @AfterTest afterTest -->
  <testcase name="@AfterTest afterTest" time="0.0" classname="com.AlshayaGroup.TestSetup.TestSetup">
    <ignored/>
  </testcase> <!-- @AfterTest afterTest -->
  <testcase name="@AfterTest afterTest" time="0.0" classname="com.AlshayaGroup.TestSetup.TestSetup">
    <ignored/>
  </testcase> <!-- @AfterTest afterTest -->
  <testcase name="@AfterTest afterTest" time="0.0" classname="com.AlshayaGroup.TestSetup.TestSetup">
    <ignored/>
  </testcase> <!-- @AfterTest afterTest -->
  <testcase name="@AfterTest afterTest" time="0.0" classname="com.AlshayaGroup.TestSetup.TestSetup">
    <ignored/>
  </testcase> <!-- @AfterTest afterTest -->
  <testcase name="@AfterTest afterTest" time="0.0" classname="com.AlshayaGroup.TestSetup.TestSetup">
    <ignored/>
  </testcase> <!-- @AfterTest afterTest -->
  <testcase name="@AfterTest afterTest" time="0.0" classname="com.AlshayaGroup.TestSetup.TestSetup">
    <ignored/>
  </testcase> <!-- @AfterTest afterTest -->
  <testcase name="@AfterTest afterTest" time="0.0" classname="com.AlshayaGroup.TestSetup.TestSetup">
    <ignored/>
  </testcase> <!-- @AfterTest afterTest -->
  <testcase name="@AfterTest afterTest" time="0.0" classname="com.AlshayaGroup.TestSetup.TestSetup">
    <ignored/>
  </testcase> <!-- @AfterTest afterTest -->
  <testcase name="@AfterTest afterTest" time="0.0" classname="com.AlshayaGroup.TestSetup.TestSetup">
    <ignored/>
  </testcase> <!-- @AfterTest afterTest -->
  <testcase name="@AfterTest afterTest" time="0.0" classname="com.AlshayaGroup.TestSetup.TestSetup">
    <ignored/>
  </testcase> <!-- @AfterTest afterTest -->
  <testcase name="@AfterTest afterTest" time="0.0" classname="com.AlshayaGroup.TestSetup.TestSetup">
    <ignored/>
  </testcase> <!-- @AfterTest afterTest -->
  <testcase name="@AfterTest afterTest" time="0.0" classname="com.AlshayaGroup.TestSetup.TestSetup">
    <ignored/>
  </testcase> <!-- @AfterTest afterTest -->
  <testcase name="@AfterTest afterTest" time="0.0" classname="com.AlshayaGroup.TestSetup.TestSetup">
    <ignored/>
  </testcase> <!-- @AfterTest afterTest -->
  <testcase name="@AfterTest afterTest" time="0.0" classname="com.AlshayaGroup.TestSetup.TestSetup">
    <ignored/>
  </testcase> <!-- @AfterTest afterTest -->
  <testcase name="HandleThePopUpBox" time="0.0" classname="AlshayaExportFunctionality.Export_Potterybarn_SA">
    <ignored/>
  </testcase> <!-- HandleThePopUpBox -->
  <testcase name="HandleThePopUpBox" time="0.0" classname="AlshayaExportFunctionality.Export_Potterybarn_AE">
    <ignored/>
  </testcase> <!-- HandleThePopUpBox -->
  <testcase name="@AfterSuite tearDownFramework" time="0.0" classname="com.AlshayaGroup.TestSetup.TestSetup">
    <ignored/>
  </testcase> <!-- @AfterSuite tearDownFramework -->
  <testcase name="@AfterSuite tearDownFramework" time="0.0" classname="com.AlshayaGroup.TestSetup.TestSetup">
    <ignored/>
  </testcase> <!-- @AfterSuite tearDownFramework -->
  <testcase name="@AfterSuite tearDownFramework" time="0.0" classname="com.AlshayaGroup.TestSetup.TestSetup">
    <ignored/>
  </testcase> <!-- @AfterSuite tearDownFramework -->
  <testcase name="@AfterSuite tearDownFramework" time="0.0" classname="com.AlshayaGroup.TestSetup.TestSetup">
    <ignored/>
  </testcase> <!-- @AfterSuite tearDownFramework -->
  <testcase name="@AfterSuite tearDownFramework" time="0.0" classname="com.AlshayaGroup.TestSetup.TestSetup">
    <ignored/>
  </testcase> <!-- @AfterSuite tearDownFramework -->
  <testcase name="@AfterSuite tearDownFramework" time="0.0" classname="com.AlshayaGroup.TestSetup.TestSetup">
    <ignored/>
  </testcase> <!-- @AfterSuite tearDownFramework -->
  <testcase name="@AfterSuite tearDownFramework" time="0.0" classname="com.AlshayaGroup.TestSetup.TestSetup">
    <ignored/>
  </testcase> <!-- @AfterSuite tearDownFramework -->
  <testcase name="@AfterSuite tearDownFramework" time="0.0" classname="com.AlshayaGroup.TestSetup.TestSetup">
    <ignored/>
  </testcase> <!-- @AfterSuite tearDownFramework -->
  <testcase name="@AfterSuite tearDownFramework" time="0.0" classname="com.AlshayaGroup.TestSetup.TestSetup">
    <ignored/>
  </testcase> <!-- @AfterSuite tearDownFramework -->
  <testcase name="@AfterSuite tearDownFramework" time="0.0" classname="com.AlshayaGroup.TestSetup.TestSetup">
    <ignored/>
  </testcase> <!-- @AfterSuite tearDownFramework -->
  <testcase name="@AfterSuite tearDownFramework" time="0.0" classname="com.AlshayaGroup.TestSetup.TestSetup">
    <ignored/>
  </testcase> <!-- @AfterSuite tearDownFramework -->
  <testcase name="@AfterSuite tearDownFramework" time="0.0" classname="com.AlshayaGroup.TestSetup.TestSetup">
    <ignored/>
  </testcase> <!-- @AfterSuite tearDownFramework -->
  <testcase name="@AfterSuite tearDownFramework" time="0.0" classname="com.AlshayaGroup.TestSetup.TestSetup">
    <ignored/>
  </testcase> <!-- @AfterSuite tearDownFramework -->
  <testcase name="@AfterSuite tearDownFramework" time="0.0" classname="com.AlshayaGroup.TestSetup.TestSetup">
    <ignored/>
  </testcase> <!-- @AfterSuite tearDownFramework -->
  <testcase name="@AfterSuite tearDownFramework" time="0.0" classname="com.AlshayaGroup.TestSetup.TestSetup">
    <ignored/>
  </testcase> <!-- @AfterSuite tearDownFramework -->
  <testcase name="HandleThePopUpBox" time="0.0" classname="AlshayaExportFunctionality.Export_Footlocker_KW">
    <ignored/>
  </testcase> <!-- HandleThePopUpBox -->
  <testcase name="@BeforeSuite setUpFramework" time="0.0" classname="com.AlshayaGroup.TestSetup.TestSetup">
    <ignored/>
  </testcase> <!-- @BeforeSuite setUpFramework -->
  <testcase name="@BeforeSuite setUpFramework" time="0.0" classname="com.AlshayaGroup.TestSetup.TestSetup">
    <ignored/>
  </testcase> <!-- @BeforeSuite setUpFramework -->
  <testcase name="@BeforeSuite setUpFramework" time="0.0" classname="com.AlshayaGroup.TestSetup.TestSetup">
    <ignored/>
  </testcase> <!-- @BeforeSuite setUpFramework -->
  <testcase name="@BeforeSuite setUpFramework" time="0.0" classname="com.AlshayaGroup.TestSetup.TestSetup">
    <ignored/>
  </testcase> <!-- @BeforeSuite setUpFramework -->
  <testcase name="@BeforeSuite setUpFramework" time="0.0" classname="com.AlshayaGroup.TestSetup.TestSetup">
    <ignored/>
  </testcase> <!-- @BeforeSuite setUpFramework -->
  <testcase name="@BeforeSuite setUpFramework" time="0.0" classname="com.AlshayaGroup.TestSetup.TestSetup">
    <ignored/>
  </testcase> <!-- @BeforeSuite setUpFramework -->
  <testcase name="@BeforeSuite setUpFramework" time="0.0" classname="com.AlshayaGroup.TestSetup.TestSetup">
    <ignored/>
  </testcase> <!-- @BeforeSuite setUpFramework -->
  <testcase name="@BeforeSuite setUpFramework" time="0.0" classname="com.AlshayaGroup.TestSetup.TestSetup">
    <ignored/>
  </testcase> <!-- @BeforeSuite setUpFramework -->
  <testcase name="@BeforeSuite setUpFramework" time="0.0" classname="com.AlshayaGroup.TestSetup.TestSetup">
    <ignored/>
  </testcase> <!-- @BeforeSuite setUpFramework -->
  <testcase name="@BeforeSuite setUpFramework" time="0.0" classname="com.AlshayaGroup.TestSetup.TestSetup">
    <ignored/>
  </testcase> <!-- @BeforeSuite setUpFramework -->
  <testcase name="@BeforeSuite setUpFramework" time="0.0" classname="com.AlshayaGroup.TestSetup.TestSetup">
    <ignored/>
  </testcase> <!-- @BeforeSuite setUpFramework -->
  <testcase name="@BeforeSuite setUpFramework" time="0.0" classname="com.AlshayaGroup.TestSetup.TestSetup">
    <ignored/>
  </testcase> <!-- @BeforeSuite setUpFramework -->
  <testcase name="@BeforeSuite setUpFramework" time="0.0" classname="com.AlshayaGroup.TestSetup.TestSetup">
    <ignored/>
  </testcase> <!-- @BeforeSuite setUpFramework -->
  <testcase name="@BeforeSuite setUpFramework" time="0.0" classname="com.AlshayaGroup.TestSetup.TestSetup">
    <ignored/>
  </testcase> <!-- @BeforeSuite setUpFramework -->
  <testcase name="@BeforeSuite setUpFramework" time="0.0" classname="com.AlshayaGroup.TestSetup.TestSetup">
    <ignored/>
  </testcase> <!-- @BeforeSuite setUpFramework -->
</testsuite> <!-- Alshaya_Export_Xlsx_Report -->
