<?xml version="1.0" encoding="UTF-8"?>
<testng-results skipped="0" failed="1" ignored="0" total="4" passed="3">
  <reporter-output>
    <line>
      <![CDATA[<a href="">This is the Screenshots</a>]]>
    </line>
    <line>
      <![CDATA[<a href="">This is the Screenshots</a>]]>
    </line>
    <line>
      <![CDATA[<a href="">This is the Screenshots</a>]]>
    </line>
    <line>
      <![CDATA[<a href="">This is the Screenshots</a>]]>
    </line>
    <line>
      <![CDATA[<a href=Tue_Nov_12_18_37_04_IST_2019>This is the Screenshots</a>]]>
    </line>
  </reporter-output>
  <suite name="Failed suite [Failed suite [Failed suite [Failed suite [Default suite]]]]" duration-ms="110194" started-at="2019-11-12T18:35:22 IST" finished-at="2019-11-12T18:37:12 IST">
    <groups>
    </groups>
    <test name="Default test(failed)(failed)(failed)(failed)" duration-ms="110194" started-at="2019-11-12T18:35:22 IST" finished-at="2019-11-12T18:37:12 IST">
      <class name="AlshayaExportFunctionality.Export_Victoriassecret_AE">
        <test-method status="PASS" signature="setUpFramework()[pri:0, instance:AlshayaExportFunctionality.Export_Victoriassecret_AE@51399530]" name="setUpFramework" is-config="true" duration-ms="7889" started-at="2019-11-12T18:35:14 IST" finished-at="2019-11-12T18:35:22 IST">
          <reporter-output>
          </reporter-output>
        </test-method> <!-- setUpFramework -->
        <test-method status="PASS" signature="beforeTest()[pri:0, instance:AlshayaExportFunctionality.Export_Victoriassecret_AE@51399530]" name="beforeTest" is-config="true" duration-ms="1" started-at="2019-11-12T18:35:22 IST" finished-at="2019-11-12T18:35:22 IST">
          <reporter-output>
          </reporter-output>
        </test-method> <!-- beforeTest -->
        <test-method status="PASS" signature="beforeClass()[pri:0, instance:AlshayaExportFunctionality.Export_Victoriassecret_AE@51399530]" name="beforeClass" is-config="true" duration-ms="1" started-at="2019-11-12T18:35:22 IST" finished-at="2019-11-12T18:35:22 IST">
          <reporter-output>
          </reporter-output>
        </test-method> <!-- beforeClass -->
        <test-method status="PASS" signature="URLLink(java.lang.String)[pri:0, instance:AlshayaExportFunctionality.Export_Victoriassecret_AE@51399530]" name="URLLink" is-config="true" duration-ms="2948" started-at="2019-11-12T18:35:22 IST" finished-at="2019-11-12T18:35:25 IST">
          <params>
            <param index="0">
              <value>
                <![CDATA[https://www.victoriassecret.ae/en/]]>
              </value>
            </param>
          </params>
          <reporter-output>
          </reporter-output>
        </test-method> <!-- URLLink -->
        <test-method status="PASS" signature="beforeMethod(java.lang.reflect.Method)[pri:0, instance:AlshayaExportFunctionality.Export_Victoriassecret_AE@51399530]" name="beforeMethod" is-config="true" duration-ms="2002" started-at="2019-11-12T18:35:25 IST" finished-at="2019-11-12T18:35:27 IST">
          <params>
            <param index="0">
              <value>
                <![CDATA[public static void AlshayaExportFunctionality.Export_Victoriassecret_AE.HandleThePopUpBox() throws java.lang.InterruptedException]]>
              </value>
            </param>
          </params>
          <reporter-output>
          </reporter-output>
        </test-method> <!-- beforeMethod -->
        <test-method status="PASS" signature="HandleThePopUpBox()[pri:1, instance:AlshayaExportFunctionality.Export_Victoriassecret_AE@51399530]" name="HandleThePopUpBox" duration-ms="67045" started-at="2019-11-12T18:35:27 IST" finished-at="2019-11-12T18:36:34 IST">
          <reporter-output>
          </reporter-output>
        </test-method> <!-- HandleThePopUpBox -->
        <test-method status="PASS" signature="afterMethod(org.testng.ITestResult)[pri:0, instance:AlshayaExportFunctionality.Export_Victoriassecret_AE@51399530]" name="afterMethod" is-config="true" duration-ms="2008" started-at="2019-11-12T18:36:34 IST" finished-at="2019-11-12T18:36:36 IST">
          <params>
            <param index="0">
              <value>
                <![CDATA[[TestResult name=HandleThePopUpBox status=SUCCESS method=Export_Victoriassecret_AE.HandleThePopUpBox()[pri:1, instance:AlshayaExportFunctionality.Export_Victoriassecret_AE@51399530] output={null}]]]>
              </value>
            </param>
          </params>
          <reporter-output>
            <line>
              <![CDATA[<a href="">This is the Screenshots</a>]]>
            </line>
          </reporter-output>
        </test-method> <!-- afterMethod -->
        <test-method status="PASS" signature="beforeMethod(java.lang.reflect.Method)[pri:0, instance:AlshayaExportFunctionality.Export_Victoriassecret_AE@51399530]" name="beforeMethod" is-config="true" duration-ms="2002" started-at="2019-11-12T18:36:36 IST" finished-at="2019-11-12T18:36:38 IST">
          <params>
            <param index="0">
              <value>
                <![CDATA[public static void AlshayaExportFunctionality.Export_Victoriassecret_AE.SignInClick()]]>
              </value>
            </param>
          </params>
          <reporter-output>
          </reporter-output>
        </test-method> <!-- beforeMethod -->
        <test-method status="PASS" signature="SignInClick()[pri:2, instance:AlshayaExportFunctionality.Export_Victoriassecret_AE@51399530]" name="SignInClick" duration-ms="1036" started-at="2019-11-12T18:36:38 IST" finished-at="2019-11-12T18:36:39 IST">
          <reporter-output>
          </reporter-output>
        </test-method> <!-- SignInClick -->
        <test-method status="PASS" signature="afterMethod(org.testng.ITestResult)[pri:0, instance:AlshayaExportFunctionality.Export_Victoriassecret_AE@51399530]" name="afterMethod" is-config="true" duration-ms="2001" started-at="2019-11-12T18:36:39 IST" finished-at="2019-11-12T18:36:41 IST">
          <params>
            <param index="0">
              <value>
                <![CDATA[[TestResult name=SignInClick status=SUCCESS method=Export_Victoriassecret_AE.SignInClick()[pri:2, instance:AlshayaExportFunctionality.Export_Victoriassecret_AE@51399530] output={null}]]]>
              </value>
            </param>
          </params>
          <reporter-output>
            <line>
              <![CDATA[<a href="">This is the Screenshots</a>]]>
            </line>
          </reporter-output>
        </test-method> <!-- afterMethod -->
        <test-method status="PASS" signature="beforeMethod(java.lang.reflect.Method)[pri:0, instance:AlshayaExportFunctionality.Export_Victoriassecret_AE@51399530]" name="beforeMethod" is-config="true" duration-ms="2003" started-at="2019-11-12T18:36:41 IST" finished-at="2019-11-12T18:36:43 IST">
          <params>
            <param index="0">
              <value>
                <![CDATA[public static void AlshayaExportFunctionality.Export_Victoriassecret_AE.LoginPage(java.lang.String,java.lang.String)]]>
              </value>
            </param>
          </params>
          <reporter-output>
          </reporter-output>
        </test-method> <!-- beforeMethod -->
        <test-method status="PASS" signature="LoginPage(java.lang.String, java.lang.String)[pri:3, instance:AlshayaExportFunctionality.Export_Victoriassecret_AE@51399530]" name="LoginPage" duration-ms="5036" started-at="2019-11-12T18:36:43 IST" data-provider="getDataSimple" depends-on-methods="AlshayaExportFunctionality.Export_Victoriassecret_AE.SignInClick" finished-at="2019-11-12T18:36:48 IST">
          <params>
            <param index="0">
              <value>
                <![CDATA[brajendra.singh@pimcore.com]]>
              </value>
            </param>
            <param index="1">
              <value>
                <![CDATA[brajendra@321]]>
              </value>
            </param>
          </params>
          <reporter-output>
          </reporter-output>
        </test-method> <!-- LoginPage -->
        <test-method status="PASS" signature="afterMethod(org.testng.ITestResult)[pri:0, instance:AlshayaExportFunctionality.Export_Victoriassecret_AE@51399530]" name="afterMethod" is-config="true" duration-ms="2005" started-at="2019-11-12T18:36:48 IST" finished-at="2019-11-12T18:36:50 IST">
          <params>
            <param index="0">
              <value>
                <![CDATA[[TestResult name=LoginPage status=SUCCESS method=Export_Victoriassecret_AE.LoginPage(java.lang.String, java.lang.String)[pri:3, instance:AlshayaExportFunctionality.Export_Victoriassecret_AE@51399530] output={null}]]]>
              </value>
            </param>
          </params>
          <reporter-output>
            <line>
              <![CDATA[<a href="">This is the Screenshots</a>]]>
            </line>
          </reporter-output>
        </test-method> <!-- afterMethod -->
        <test-method status="PASS" signature="beforeMethod(java.lang.reflect.Method)[pri:0, instance:AlshayaExportFunctionality.Export_Victoriassecret_AE@51399530]" name="beforeMethod" is-config="true" duration-ms="2006" started-at="2019-11-12T18:36:50 IST" finished-at="2019-11-12T18:36:52 IST">
          <params>
            <param index="0">
              <value>
                <![CDATA[public static void AlshayaExportFunctionality.Export_Victoriassecret_AE.HomePage() throws java.io.IOException]]>
              </value>
            </param>
          </params>
          <reporter-output>
          </reporter-output>
        </test-method> <!-- beforeMethod -->
        <test-method status="FAIL" signature="HomePage()[pri:4, instance:AlshayaExportFunctionality.Export_Victoriassecret_AE@51399530]" name="HomePage" duration-ms="11949" started-at="2019-11-12T18:36:52 IST" depends-on-methods="AlshayaExportFunctionality.Export_Victoriassecret_AE.LoginPage" finished-at="2019-11-12T18:37:04 IST">
          <exception class="org.openqa.selenium.WebDriverException">
            <message>
              <![CDATA[chrome not reachable
  (Session info: chrome=78.0.3904.97)
Build info: version: '3.141.59', revision: 'e82be7d358', time: '2018-11-14T08:17:03'
System info: host: 'LAPTOP-UFMLBTPI', ip: '192.168.10.116', os.name: 'Windows 10', os.arch: 'amd64', os.version: '10.0', java.version: '1.8.0_211'
Driver info: org.openqa.selenium.chrome.ChromeDriver
Capabilities {acceptInsecureCerts: false, browserName: chrome, browserVersion: 78.0.3904.97, chrome: {chromedriverVersion: 78.0.3904.70 (edb9c9f3de024..., userDataDir: C:\Users\91971\AppData\Loca...}, goog:chromeOptions: {debuggerAddress: localhost:54347}, javascriptEnabled: true, networkConnectionEnabled: false, pageLoadStrategy: normal, platform: XP, platformName: XP, proxy: Proxy(), setWindowRect: true, strictFileInteractability: false, timeouts: {implicit: 0, pageLoad: 300000, script: 30000}, unhandledPromptBehavior: dismiss and notify}
Session ID: 96c63b37e294a6cc3e2b8d7002364a88
*** Element info: {Using=xpath, value=//*[@id='block-adminimal-theme-content']/ul/li[5]}]]>
            </message>
            <full-stacktrace>
              <![CDATA[org.openqa.selenium.WebDriverException: chrome not reachable
  (Session info: chrome=78.0.3904.97)
Build info: version: '3.141.59', revision: 'e82be7d358', time: '2018-11-14T08:17:03'
System info: host: 'LAPTOP-UFMLBTPI', ip: '192.168.10.116', os.name: 'Windows 10', os.arch: 'amd64', os.version: '10.0', java.version: '1.8.0_211'
Driver info: org.openqa.selenium.chrome.ChromeDriver
Capabilities {acceptInsecureCerts: false, browserName: chrome, browserVersion: 78.0.3904.97, chrome: {chromedriverVersion: 78.0.3904.70 (edb9c9f3de024..., userDataDir: C:\Users\91971\AppData\Loca...}, goog:chromeOptions: {debuggerAddress: localhost:54347}, javascriptEnabled: true, networkConnectionEnabled: false, pageLoadStrategy: normal, platform: XP, platformName: XP, proxy: Proxy(), setWindowRect: true, strictFileInteractability: false, timeouts: {implicit: 0, pageLoad: 300000, script: 30000}, unhandledPromptBehavior: dismiss and notify}
Session ID: 96c63b37e294a6cc3e2b8d7002364a88
*** Element info: {Using=xpath, value=//*[@id='block-adminimal-theme-content']/ul/li[5]}
at sun.reflect.NativeConstructorAccessorImpl.newInstance0(Native Method)
at sun.reflect.NativeConstructorAccessorImpl.newInstance(NativeConstructorAccessorImpl.java:62)
at sun.reflect.DelegatingConstructorAccessorImpl.newInstance(DelegatingConstructorAccessorImpl.java:45)
at java.lang.reflect.Constructor.newInstance(Constructor.java:423)
at org.openqa.selenium.remote.http.W3CHttpResponseCodec.createException(W3CHttpResponseCodec.java:187)
at org.openqa.selenium.remote.http.W3CHttpResponseCodec.decode(W3CHttpResponseCodec.java:122)
at org.openqa.selenium.remote.http.W3CHttpResponseCodec.decode(W3CHttpResponseCodec.java:49)
at org.openqa.selenium.remote.HttpCommandExecutor.execute(HttpCommandExecutor.java:158)
at org.openqa.selenium.remote.service.DriverCommandExecutor.execute(DriverCommandExecutor.java:83)
at org.openqa.selenium.remote.RemoteWebDriver.execute(RemoteWebDriver.java:552)
at org.openqa.selenium.remote.RemoteWebDriver.findElement(RemoteWebDriver.java:323)
at org.openqa.selenium.remote.RemoteWebDriver.findElementByXPath(RemoteWebDriver.java:428)
at org.openqa.selenium.By$ByXPath.findElement(By.java:353)
at org.openqa.selenium.remote.RemoteWebDriver.findElement(RemoteWebDriver.java:315)
at com.AlshayaGroup.TestSetup.TestSetup.click(TestSetup.java:234)
at AlshayaExportFunctionality.Export_Victoriassecret_AE.HomePage(Export_Victoriassecret_AE.java:63)
at sun.reflect.NativeMethodAccessorImpl.invoke0(Native Method)
at sun.reflect.NativeMethodAccessorImpl.invoke(NativeMethodAccessorImpl.java:62)
at sun.reflect.DelegatingMethodAccessorImpl.invoke(DelegatingMethodAccessorImpl.java:43)
at java.lang.reflect.Method.invoke(Method.java:498)
at org.testng.internal.MethodInvocationHelper.invokeMethod(MethodInvocationHelper.java:133)
at org.testng.internal.TestInvoker.invokeMethod(TestInvoker.java:584)
at org.testng.internal.TestInvoker.invokeTestMethod(TestInvoker.java:172)
at org.testng.internal.MethodRunner.runInSequence(MethodRunner.java:46)
at org.testng.internal.TestInvoker$MethodInvocationAgent.invoke(TestInvoker.java:804)
at org.testng.internal.TestInvoker.invokeTestMethods(TestInvoker.java:145)
at org.testng.internal.TestMethodWorker.invokeTestMethods(TestMethodWorker.java:146)
at org.testng.internal.TestMethodWorker.run(TestMethodWorker.java:128)
at java.util.ArrayList.forEach(ArrayList.java:1257)
at org.testng.TestRunner.privateRun(TestRunner.java:770)
at org.testng.TestRunner.run(TestRunner.java:591)
at org.testng.SuiteRunner.runTest(SuiteRunner.java:402)
at org.testng.SuiteRunner.runSequentially(SuiteRunner.java:396)
at org.testng.SuiteRunner.privateRun(SuiteRunner.java:355)
at org.testng.SuiteRunner.run(SuiteRunner.java:304)
at org.testng.SuiteRunnerWorker.runSuite(SuiteRunnerWorker.java:53)
at org.testng.SuiteRunnerWorker.run(SuiteRunnerWorker.java:96)
at org.testng.TestNG.runSuitesSequentially(TestNG.java:1180)
at org.testng.TestNG.runSuitesLocally(TestNG.java:1102)
at org.testng.TestNG.runSuites(TestNG.java:1032)
at org.testng.TestNG.run(TestNG.java:1000)
at org.testng.remote.AbstractRemoteTestNG.run(AbstractRemoteTestNG.java:115)
at org.testng.remote.RemoteTestNG.initAndRun(RemoteTestNG.java:251)
at org.testng.remote.RemoteTestNG.main(RemoteTestNG.java:77)
]]>
            </full-stacktrace>
          </exception> <!-- org.openqa.selenium.WebDriverException -->
          <reporter-output>
          </reporter-output>
        </test-method> <!-- HomePage -->
        <test-method status="PASS" signature="afterMethod(org.testng.ITestResult)[pri:0, instance:AlshayaExportFunctionality.Export_Victoriassecret_AE@51399530]" name="afterMethod" is-config="true" duration-ms="8112" started-at="2019-11-12T18:37:04 IST" finished-at="2019-11-12T18:37:12 IST">
          <params>
            <param index="0">
              <value>
                <![CDATA[[TestResult name=HomePage status=FAILURE method=Export_Victoriassecret_AE.HomePage()[pri:4, instance:AlshayaExportFunctionality.Export_Victoriassecret_AE@51399530] output={null}]]]>
              </value>
            </param>
          </params>
          <reporter-output>
            <line>
              <![CDATA[<a href="">This is the Screenshots</a>]]>
            </line>
            <line>
              <![CDATA[<a href=Tue_Nov_12_18_37_04_IST_2019>This is the Screenshots</a>]]>
            </line>
          </reporter-output>
        </test-method> <!-- afterMethod -->
        <test-method status="PASS" signature="afterClass()[pri:0, instance:AlshayaExportFunctionality.Export_Victoriassecret_AE@51399530]" name="afterClass" is-config="true" duration-ms="0" started-at="2019-11-12T18:37:12 IST" finished-at="2019-11-12T18:37:12 IST">
          <reporter-output>
          </reporter-output>
        </test-method> <!-- afterClass -->
        <test-method status="FAIL" signature="afterTest()[pri:0, instance:AlshayaExportFunctionality.Export_Victoriassecret_AE@51399530]" name="afterTest" is-config="true" duration-ms="5" started-at="2019-11-12T18:37:12 IST" finished-at="2019-11-12T18:37:12 IST">
          <exception class="java.lang.NullPointerException">
            <full-stacktrace>
              <![CDATA[java.lang.NullPointerException
at com.AlshayaGroup.ZipUnzip.ZipDirectory.getAllFiles(ZipDirectory.java:30)
at com.AlshayaGroup.ZipUnzip.ZipDirectory.Zipdirectory(ZipDirectory.java:21)
at com.AlshayaGroup.TestSetup.TestSetup.afterTest(TestSetup.java:173)
at sun.reflect.NativeMethodAccessorImpl.invoke0(Native Method)
at sun.reflect.NativeMethodAccessorImpl.invoke(NativeMethodAccessorImpl.java:62)
at sun.reflect.DelegatingMethodAccessorImpl.invoke(DelegatingMethodAccessorImpl.java:43)
at java.lang.reflect.Method.invoke(Method.java:498)
at org.testng.internal.MethodInvocationHelper.invokeMethod(MethodInvocationHelper.java:133)
at org.testng.internal.MethodInvocationHelper.invokeMethodConsideringTimeout(MethodInvocationHelper.java:62)
at org.testng.internal.ConfigInvoker.invokeConfigurationMethod(ConfigInvoker.java:340)
at org.testng.internal.ConfigInvoker.invokeConfigurations(ConfigInvoker.java:294)
at org.testng.TestRunner.invokeTestConfigurations(TestRunner.java:623)
at org.testng.TestRunner.afterRun(TestRunner.java:853)
at org.testng.TestRunner.run(TestRunner.java:594)
at org.testng.SuiteRunner.runTest(SuiteRunner.java:402)
at org.testng.SuiteRunner.runSequentially(SuiteRunner.java:396)
at org.testng.SuiteRunner.privateRun(SuiteRunner.java:355)
at org.testng.SuiteRunner.run(SuiteRunner.java:304)
at org.testng.SuiteRunnerWorker.runSuite(SuiteRunnerWorker.java:53)
at org.testng.SuiteRunnerWorker.run(SuiteRunnerWorker.java:96)
at org.testng.TestNG.runSuitesSequentially(TestNG.java:1180)
at org.testng.TestNG.runSuitesLocally(TestNG.java:1102)
at org.testng.TestNG.runSuites(TestNG.java:1032)
at org.testng.TestNG.run(TestNG.java:1000)
at org.testng.remote.AbstractRemoteTestNG.run(AbstractRemoteTestNG.java:115)
at org.testng.remote.RemoteTestNG.initAndRun(RemoteTestNG.java:251)
at org.testng.remote.RemoteTestNG.main(RemoteTestNG.java:77)
]]>
            </full-stacktrace>
          </exception> <!-- java.lang.NullPointerException -->
          <reporter-output>
          </reporter-output>
        </test-method> <!-- afterTest -->
        <test-method status="SKIP" signature="tearDownFramework()[pri:0, instance:AlshayaExportFunctionality.Export_Victoriassecret_AE@51399530]" name="tearDownFramework" is-config="true" duration-ms="-1573564032965" started-at="2019-11-12T18:37:12 IST" finished-at="1970-01-01T05:30:00 IST">
          <reporter-output>
          </reporter-output>
        </test-method> <!-- tearDownFramework -->
      </class> <!-- AlshayaExportFunctionality.Export_Victoriassecret_AE -->
    </test> <!-- Default test(failed)(failed)(failed)(failed) -->
  </suite> <!-- Failed suite [Failed suite [Failed suite [Failed suite [Default suite]]]] -->
</testng-results>
